<?xml version="1.0" encoding="UTF-8"?>
<testng-results ignored="0" total="1" passed="0" failed="1" skipped="0">
  <reporter-output>
  </reporter-output>
  <suite started-at="2024-08-20T11:02:31 IST" name="Surefire suite" finished-at="2024-08-20T11:04:55 IST" duration-ms="143523">
    <groups>
      <group name="cucumber">
        <method signature="AbstractTestNGCucumberTests.runScenario(io.cucumber.testng.PickleWrapper,io.cucumber.testng.FeatureWrapper)[pri:0, instance:cucumberOptions.TestNGTestRunner@2fd1433e]" name="runScenario" class="io.cucumber.testng.AbstractTestNGCucumberTests"/>
      </group> <!-- cucumber -->
    </groups>
    <test started-at="2024-08-20T11:02:31 IST" name="Surefire test" finished-at="2024-08-20T11:04:55 IST" duration-ms="143523">
      <class name="cucumberOptions.TestNGTestRunner">
        <test-method is-config="true" signature="setUpClass(org.testng.ITestContext)[pri:0, instance:cucumberOptions.TestNGTestRunner@2fd1433e]" started-at="2024-08-20T11:02:31 IST" name="setUpClass" finished-at="2024-08-20T11:02:33 IST" duration-ms="1774" status="PASS">
          <params>
            <param index="0">
              <value>
                <![CDATA[org.testng.TestRunner@538a2f0e]]>
              </value>
            </param>
          </params>
          <reporter-output>
          </reporter-output>
        </test-method> <!-- setUpClass -->
        <test-method signature="runScenario(io.cucumber.testng.PickleWrapper,io.cucumber.testng.FeatureWrapper)[pri:0, instance:cucumberOptions.TestNGTestRunner@2fd1433e]" started-at="2024-08-20T11:02:33 IST" name="runScenario" description="Runs Cucumber Scenarios" data-provider="scenarios" finished-at="2024-08-20T11:04:54 IST" duration-ms="141076" status="FAIL">
          <params>
            <param index="0">
              <value>
                <![CDATA["Atlassian Smoke Testing"]]>
              </value>
            </param>
            <param index="1">
              <value>
                <![CDATA["Checking All Pages and Functionality of Atlassian Management"]]>
              </value>
            </param>
          </params>
          <exception class="java.lang.AssertionError">
            <message>
              <![CDATA[expected [A page with the title 'Testing Edit Page FUnctionality in Confluence_001' already exists in this space. Enter a different title for your page.] but found [A new page you were adding on Aug 10, 2024 called ‘Copy of Atlassian Vul 1 Smoke ....... Vulnerability’ was saved as a draft. Do you want to resume editing or discard it?]]]>
            </message>
            <full-stacktrace>
              <![CDATA[java.lang.AssertionError: expected [A page with the title 'Testing Edit Page FUnctionality in Confluence_001' already exists in this space. Enter a different title for your page.] but found [A new page you were adding on Aug 10, 2024 called ‘Copy of Atlassian Vul 1 Smoke ....... Vulnerability’ was saved as a draft. Do you want to resume editing or discard it?]
at org.testng.Assert.fail(Assert.java:111)
at org.testng.Assert.failNotEquals(Assert.java:1578)
at org.testng.Assert.assertEqualsImpl(Assert.java:150)
at org.testng.Assert.assertEquals(Assert.java:132)
at org.testng.Assert.assertEquals(Assert.java:656)
at org.testng.Assert.assertEquals(Assert.java:666)
at pageObjects.AtlassianObjects.duplicatepagedescription(AtlassianObjects.java:148)
at stepDefinitions.AtlassianSmokeTest_stepDefinitions.AtlassianSmoke_AfterPageCreation(AtlassianSmokeTest_stepDefinitions.java:67)
at ✽.User should be able to perform Page Updates(file:///C:/Users/sai.kompella/OneDrive%20-%20Cotiviti/Desktop/GSR-Complete%20Flow/ConfluenceJira_SmokeTests/src/test/java/features/AtlassianSmoke.feature:8)
]]>
            </full-stacktrace>
          </exception> <!-- java.lang.AssertionError -->
          <reporter-output>
          </reporter-output>
        </test-method> <!-- runScenario -->
        <test-method is-config="true" signature="tearDownClass()[pri:0, instance:cucumberOptions.TestNGTestRunner@2fd1433e]" started-at="2024-08-20T11:04:54 IST" name="tearDownClass" finished-at="2024-08-20T11:04:55 IST" duration-ms="581" status="PASS">
          <reporter-output>
          </reporter-output>
        </test-method> <!-- tearDownClass -->
      </class> <!-- cucumberOptions.TestNGTestRunner -->
    </test> <!-- Surefire test -->
  </suite> <!-- Surefire suite -->
</testng-results>
