<?xml version="1.0" encoding="UTF-8"?>
<!-- Generated by org.testng.reporters.JUnitReportReporter -->
<testsuite hostname="DESKTOP-HPR4ORJ" failures="1" tests="1" name="cucumberOptions.TestNGTestRunner" time="141.076" errors="0" timestamp="2024-08-20T11:04:55 IST" skipped="0">
  <testcase classname="cucumberOptions.TestNGTestRunner" name="runScenario" time="141.076">
    <failure message="expected [A page with the title &#039;Testing Edit Page FUnctionality in Confluence_001&#039; already exists in this space. Enter a different title for your page.] but found [A new page you were adding on Aug 10, 2024 called ‘Copy of Atlassian Vul 1 Smoke ....... Vulnerability’ was saved as a draft. Do you want to resume editing or discard it?]" type="java.lang.AssertionError">
      <![CDATA[java.lang.AssertionError: expected [A page with the title 'Testing Edit Page FUnctionality in Confluence_001' already exists in this space. Enter a different title for your page.] but found [A new page you were adding on Aug 10, 2024 called ‘Copy of Atlassian Vul 1 Smoke ....... Vulnerability’ was saved as a draft. Do you want to resume editing or discard it?]
at org.testng.Assert.fail(Assert.java:111)
at org.testng.Assert.failNotEquals(Assert.java:1578)
at org.testng.Assert.assertEqualsImpl(Assert.java:150)
at org.testng.Assert.assertEquals(Assert.java:132)
at org.testng.Assert.assertEquals(Assert.java:656)
at org.testng.Assert.assertEquals(Assert.java:666)
at pageObjects.AtlassianObjects.duplicatepagedescription(AtlassianObjects.java:148)
at stepDefinitions.AtlassianSmokeTest_stepDefinitions.AtlassianSmoke_AfterPageCreation(AtlassianSmokeTest_stepDefinitions.java:67)
at ✽.User should be able to perform Page Updates(file:///C:/Users/sai.kompella/OneDrive%20-%20Cotiviti/Desktop/GSR-Complete%20Flow/ConfluenceJira_SmokeTests/src/test/java/features/AtlassianSmoke.feature:8)
]]>
    </failure>
  </testcase> <!-- runScenario -->
</testsuite> <!-- cucumberOptions.TestNGTestRunner -->
